{
  "numTotalTestSuites": 56,
  "numPassedTestSuites": 56,
  "numFailedTestSuites": 0,
  "numPendingTestSuites": 0,
  "numTotalTests": 164,
  "numPassedTests": 164,
  "numFailedTests": 0,
  "numPendingTests": 0,
  "numTodoTests": 0,
  "snapshot": {
    "added": 0,
    "failure": false,
    "filesAdded": 0,
    "filesRemoved": 0,
    "filesRemovedList": [],
    "filesUnmatched": 0,
    "filesUpdated": 0,
    "matched": 0,
    "total": 0,
    "unchecked": 0,
    "uncheckedKeysByFile": [],
    "unmatched": 0,
    "updated": 0,
    "didUpdate": false
  },
  "startTime": 1750906204945,
  "success": true,
  "testResults": [
    {
      "assertionResults": [
        {
          "ancestorTitles": ["Quiz Application"],
          "fullName": "Quiz Application should be properly set up",
          "status": "passed",
          "title": "should be properly set up",
          "duration": 0.676290999999992,
          "failureMessages": [],
          "meta": {}
        },
        {
          "ancestorTitles": ["Quiz Application"],
          "fullName": "Quiz Application should have basic math working",
          "status": "passed",
          "title": "should have basic math working",
          "duration": 0.06299999999998818,
          "failureMessages": [],
          "meta": {}
        }
      ],
      "startTime": 1750906206213,
      "endTime": 1750906206214.063,
      "status": "passed",
      "message": "",
      "name": "/Users/premanandc/Projects/quizzer/src/__tests__/example.test.ts"
    },
    {
      "assertionResults": [
        {
          "ancestorTitles": ["QuizInterface"],
          "fullName": "QuizInterface should render start screen initially",
          "status": "passed",
          "title": "should render start screen initially",
          "duration": 10.333582999999976,
          "failureMessages": [],
          "meta": {}
        }
      ],
      "startTime": 1750906206016,
      "endTime": 1750906206026.3335,
      "status": "passed",
      "message": "",
      "name": "/Users/premanandc/Projects/quizzer/src/__tests__/quiz-interface.test.tsx"
    },
    {
      "assertionResults": [
        {
          "ancestorTitles": ["Quiz Scorer", "calculateQuizScore"],
          "fullName": "Quiz Scorer calculateQuizScore should calculate correct score for perfect answers",
          "status": "passed",
          "title": "should calculate correct score for perfect answers",
          "duration": 1.0697920000000067,
          "failureMessages": [],
          "meta": {}
        },
        {
          "ancestorTitles": ["Quiz Scorer", "calculateQuizScore"],
          "fullName": "Quiz Scorer calculateQuizScore should calculate correct score for partial answers",
          "status": "passed",
          "title": "should calculate correct score for partial answers",
          "duration": 0.09187499999995907,
          "failureMessages": [],
          "meta": {}
        },
        {
          "ancestorTitles": ["Quiz Scorer", "calculateQuizScore"],
          "fullName": "Quiz Scorer calculateQuizScore should handle missing user answers",
          "status": "passed",
          "title": "should handle missing user answers",
          "duration": 0.06391699999994671,
          "failureMessages": [],
          "meta": {}
        },
        {
          "ancestorTitles": ["Quiz Scorer", "calculateQuizScore"],
          "fullName": "Quiz Scorer calculateQuizScore should handle empty quiz",
          "status": "passed",
          "title": "should handle empty quiz",
          "duration": 0.05104200000005221,
          "failureMessages": [],
          "meta": {}
        },
        {
          "ancestorTitles": ["Quiz Scorer", "calculateQuizScore"],
          "fullName": "Quiz Scorer calculateQuizScore should throw error for null inputs",
          "status": "passed",
          "title": "should throw error for null inputs",
          "duration": 0.47974999999996726,
          "failureMessages": [],
          "meta": {}
        },
        {
          "ancestorTitles": ["Quiz Scorer", "arraysEqual"],
          "fullName": "Quiz Scorer arraysEqual should return true for equal arrays",
          "status": "passed",
          "title": "should return true for equal arrays",
          "duration": 0.12383299999999053,
          "failureMessages": [],
          "meta": {}
        },
        {
          "ancestorTitles": ["Quiz Scorer", "arraysEqual"],
          "fullName": "Quiz Scorer arraysEqual should return false for different arrays",
          "status": "passed",
          "title": "should return false for different arrays",
          "duration": 0.06245799999999235,
          "failureMessages": [],
          "meta": {}
        },
        {
          "ancestorTitles": ["Quiz Scorer", "getScoreGrade"],
          "fullName": "Quiz Scorer getScoreGrade should return correct grades",
          "status": "passed",
          "title": "should return correct grades",
          "duration": 0.1662499999999909,
          "failureMessages": [],
          "meta": {}
        }
      ],
      "startTime": 1750906205792,
      "endTime": 1750906205794.1663,
      "status": "passed",
      "message": "",
      "name": "/Users/premanandc/Projects/quizzer/src/__tests__/quiz-scorer.test.ts"
    },
    {
      "assertionResults": [
        {
          "ancestorTitles": ["QuizValidator", "valid quiz"],
          "fullName": "QuizValidator valid quiz should validate a correct quiz",
          "status": "passed",
          "title": "should validate a correct quiz",
          "duration": 1.2128749999999968,
          "failureMessages": [],
          "meta": {}
        },
        {
          "ancestorTitles": ["QuizValidator", "quiz title validation"],
          "fullName": "QuizValidator quiz title validation should reject missing quiz title",
          "status": "passed",
          "title": "should reject missing quiz title",
          "duration": 0.2857919999999581,
          "failureMessages": [],
          "meta": {}
        },
        {
          "ancestorTitles": ["QuizValidator", "quiz title validation"],
          "fullName": "QuizValidator quiz title validation should reject empty quiz title",
          "status": "passed",
          "title": "should reject empty quiz title",
          "duration": 0.07299999999997908,
          "failureMessages": [],
          "meta": {}
        },
        {
          "ancestorTitles": ["QuizValidator", "quiz title validation"],
          "fullName": "QuizValidator quiz title validation should reject overly long quiz title",
          "status": "passed",
          "title": "should reject overly long quiz title",
          "duration": 0.0708330000000501,
          "failureMessages": [],
          "meta": {}
        },
        {
          "ancestorTitles": ["QuizValidator", "questions validation"],
          "fullName": "QuizValidator questions validation should reject missing questions",
          "status": "passed",
          "title": "should reject missing questions",
          "duration": 0.05858299999999872,
          "failureMessages": [],
          "meta": {}
        },
        {
          "ancestorTitles": ["QuizValidator", "questions validation"],
          "fullName": "QuizValidator questions validation should reject empty questions array",
          "status": "passed",
          "title": "should reject empty questions array",
          "duration": 0.05279200000001083,
          "failureMessages": [],
          "meta": {}
        },
        {
          "ancestorTitles": ["QuizValidator", "questions validation"],
          "fullName": "QuizValidator questions validation should reject invalid question type",
          "status": "passed",
          "title": "should reject invalid question type",
          "duration": 0.05879099999998516,
          "failureMessages": [],
          "meta": {}
        },
        {
          "ancestorTitles": ["QuizValidator", "options validation"],
          "fullName": "QuizValidator options validation should reject single choice with multiple correct answers",
          "status": "passed",
          "title": "should reject single choice with multiple correct answers",
          "duration": 0.05883299999999281,
          "failureMessages": [],
          "meta": {}
        },
        {
          "ancestorTitles": ["QuizValidator", "options validation"],
          "fullName": "QuizValidator options validation should reject multiple choice with no correct answers",
          "status": "passed",
          "title": "should reject multiple choice with no correct answers",
          "duration": 0.06983400000001438,
          "failureMessages": [],
          "meta": {}
        },
        {
          "ancestorTitles": ["QuizValidator", "options validation"],
          "fullName": "QuizValidator options validation should reject duplicate option IDs",
          "status": "passed",
          "title": "should reject duplicate option IDs",
          "duration": 0.06625000000002501,
          "failureMessages": [],
          "meta": {}
        }
      ],
      "startTime": 1750906206217,
      "endTime": 1750906206219.286,
      "status": "passed",
      "message": "",
      "name": "/Users/premanandc/Projects/quizzer/src/__tests__/quiz-validator.test.ts"
    },
    {
      "assertionResults": [
        {
          "ancestorTitles": ["useQuizSession", "initial state"],
          "fullName": "useQuizSession initial state should have initial state values",
          "status": "passed",
          "title": "should have initial state values",
          "duration": 6.679750000000013,
          "failureMessages": [],
          "meta": {}
        },
        {
          "ancestorTitles": ["useQuizSession", "startQuiz"],
          "fullName": "useQuizSession startQuiz should start quiz successfully",
          "status": "passed",
          "title": "should start quiz successfully",
          "duration": 2.855250000000069,
          "failureMessages": [],
          "meta": {}
        },
        {
          "ancestorTitles": ["useQuizSession", "startQuiz"],
          "fullName": "useQuizSession startQuiz should handle quiz not found error",
          "status": "passed",
          "title": "should handle quiz not found error",
          "duration": 0.6240830000000415,
          "failureMessages": [],
          "meta": {}
        },
        {
          "ancestorTitles": ["useQuizSession", "startQuiz"],
          "fullName": "useQuizSession startQuiz should handle network errors",
          "status": "passed",
          "title": "should handle network errors",
          "duration": 1.6566249999999627,
          "failureMessages": [],
          "meta": {}
        },
        {
          "ancestorTitles": ["useQuizSession", "startQuiz"],
          "fullName": "useQuizSession startQuiz should set loading state during quiz start",
          "status": "passed",
          "title": "should set loading state during quiz start",
          "duration": 28.593624999999975,
          "failureMessages": [],
          "meta": {}
        },
        {
          "ancestorTitles": ["useQuizSession", "quiz session management"],
          "fullName": "useQuizSession quiz session management should update answers correctly",
          "status": "passed",
          "title": "should update answers correctly",
          "duration": 6.543749999999932,
          "failureMessages": [],
          "meta": {}
        },
        {
          "ancestorTitles": ["useQuizSession", "quiz session management"],
          "fullName": "useQuizSession quiz session management should navigate to next question",
          "status": "passed",
          "title": "should navigate to next question",
          "duration": 1.108333000000016,
          "failureMessages": [],
          "meta": {}
        },
        {
          "ancestorTitles": ["useQuizSession", "quiz session management"],
          "fullName": "useQuizSession quiz session management should navigate to previous question",
          "status": "passed",
          "title": "should navigate to previous question",
          "duration": 3.7584170000000086,
          "failureMessages": [],
          "meta": {}
        },
        {
          "ancestorTitles": ["useQuizSession", "quiz session management"],
          "fullName": "useQuizSession quiz session management should go to specific question",
          "status": "passed",
          "title": "should go to specific question",
          "duration": 1.5225000000000364,
          "failureMessages": [],
          "meta": {}
        },
        {
          "ancestorTitles": ["useQuizSession", "quiz session management"],
          "fullName": "useQuizSession quiz session management should get current question correctly",
          "status": "passed",
          "title": "should get current question correctly",
          "duration": 0.692792000000054,
          "failureMessages": [],
          "meta": {}
        },
        {
          "ancestorTitles": ["useQuizSession", "quiz session management"],
          "fullName": "useQuizSession quiz session management should calculate progress correctly",
          "status": "passed",
          "title": "should calculate progress correctly",
          "duration": 0.5611669999999549,
          "failureMessages": [],
          "meta": {}
        },
        {
          "ancestorTitles": ["useQuizSession", "quiz session management"],
          "fullName": "useQuizSession quiz session management should determine if quiz can be submitted",
          "status": "passed",
          "title": "should determine if quiz can be submitted",
          "duration": 3.6952499999999873,
          "failureMessages": [],
          "meta": {}
        },
        {
          "ancestorTitles": ["useQuizSession", "submitQuiz"],
          "fullName": "useQuizSession submitQuiz should submit quiz successfully",
          "status": "passed",
          "title": "should submit quiz successfully",
          "duration": 9.109166999999957,
          "failureMessages": [],
          "meta": {}
        },
        {
          "ancestorTitles": ["useQuizSession", "submitQuiz"],
          "fullName": "useQuizSession submitQuiz should handle submit errors",
          "status": "passed",
          "title": "should handle submit errors",
          "duration": 3.94337500000006,
          "failureMessages": [],
          "meta": {}
        },
        {
          "ancestorTitles": ["useQuizSession", "resetQuiz"],
          "fullName": "useQuizSession resetQuiz should reset all state",
          "status": "passed",
          "title": "should reset all state",
          "duration": 1.0048750000000837,
          "failureMessages": [],
          "meta": {}
        }
      ],
      "startTime": 1750906205948,
      "endTime": 1750906206021.005,
      "status": "passed",
      "message": "",
      "name": "/Users/premanandc/Projects/quizzer/src/__tests__/hooks/use-quiz-session.test.tsx"
    },
    {
      "assertionResults": [
        {
          "ancestorTitles": ["LeaderboardService", "getGlobalLeaderboard"],
          "fullName": "LeaderboardService getGlobalLeaderboard should return global leaderboard with correct ranking",
          "status": "passed",
          "title": "should return global leaderboard with correct ranking",
          "duration": 2.8665419999999813,
          "failureMessages": [],
          "meta": {}
        },
        {
          "ancestorTitles": ["LeaderboardService", "getGlobalLeaderboard"],
          "fullName": "LeaderboardService getGlobalLeaderboard should handle empty user list",
          "status": "passed",
          "title": "should handle empty user list",
          "duration": 0.14124999999989996,
          "failureMessages": [],
          "meta": {}
        },
        {
          "ancestorTitles": ["LeaderboardService", "getGlobalLeaderboard"],
          "fullName": "LeaderboardService getGlobalLeaderboard should filter out users with no quiz attempts",
          "status": "passed",
          "title": "should filter out users with no quiz attempts",
          "duration": 0.17504200000007586,
          "failureMessages": [],
          "meta": {}
        },
        {
          "ancestorTitles": ["LeaderboardService", "getGlobalLeaderboard"],
          "fullName": "LeaderboardService getGlobalLeaderboard should respect limit parameter",
          "status": "passed",
          "title": "should respect limit parameter",
          "duration": 0.134708000000046,
          "failureMessages": [],
          "meta": {}
        },
        {
          "ancestorTitles": ["LeaderboardService", "getGlobalLeaderboard"],
          "fullName": "LeaderboardService getGlobalLeaderboard should use default limit of 50",
          "status": "passed",
          "title": "should use default limit of 50",
          "duration": 0.6209579999999733,
          "failureMessages": [],
          "meta": {}
        },
        {
          "ancestorTitles": ["LeaderboardService", "getGlobalLeaderboard"],
          "fullName": "LeaderboardService getGlobalLeaderboard should handle users with same average score",
          "status": "passed",
          "title": "should handle users with same average score",
          "duration": 0.15333300000008876,
          "failureMessages": [],
          "meta": {}
        },
        {
          "ancestorTitles": ["LeaderboardService", "getQuizLeaderboard"],
          "fullName": "LeaderboardService getQuizLeaderboard should return quiz leaderboard with correct ranking",
          "status": "passed",
          "title": "should return quiz leaderboard with correct ranking",
          "duration": 0.2180829999999787,
          "failureMessages": [],
          "meta": {}
        },
        {
          "ancestorTitles": ["LeaderboardService", "getQuizLeaderboard"],
          "fullName": "LeaderboardService getQuizLeaderboard should handle empty attempts list",
          "status": "passed",
          "title": "should handle empty attempts list",
          "duration": 0.07816699999989396,
          "failureMessages": [],
          "meta": {}
        },
        {
          "ancestorTitles": ["LeaderboardService", "getQuizLeaderboard"],
          "fullName": "LeaderboardService getQuizLeaderboard should respect limit parameter",
          "status": "passed",
          "title": "should respect limit parameter",
          "duration": 0.18016700000009678,
          "failureMessages": [],
          "meta": {}
        },
        {
          "ancestorTitles": ["LeaderboardService", "getQuizLeaderboard"],
          "fullName": "LeaderboardService getQuizLeaderboard should use default limit of 20",
          "status": "passed",
          "title": "should use default limit of 20",
          "duration": 0.11495800000000145,
          "failureMessages": [],
          "meta": {}
        },
        {
          "ancestorTitles": ["LeaderboardService", "getUserRank"],
          "fullName": "LeaderboardService getUserRank should return user rank from global leaderboard",
          "status": "passed",
          "title": "should return user rank from global leaderboard",
          "duration": 0.23641599999996288,
          "failureMessages": [],
          "meta": {}
        },
        {
          "ancestorTitles": ["LeaderboardService", "getUserRank"],
          "fullName": "LeaderboardService getUserRank should return null for non-existent user",
          "status": "passed",
          "title": "should return null for non-existent user",
          "duration": 0.08283300000005056,
          "failureMessages": [],
          "meta": {}
        },
        {
          "ancestorTitles": ["LeaderboardService", "getUserQuizRank"],
          "fullName": "LeaderboardService getUserQuizRank should return user rank from quiz leaderboard",
          "status": "passed",
          "title": "should return user rank from quiz leaderboard",
          "duration": 0.11579100000005838,
          "failureMessages": [],
          "meta": {}
        },
        {
          "ancestorTitles": ["LeaderboardService", "getUserQuizRank"],
          "fullName": "LeaderboardService getUserQuizRank should return null for non-existent user",
          "status": "passed",
          "title": "should return null for non-existent user",
          "duration": 0.06137499999999818,
          "failureMessages": [],
          "meta": {}
        },
        {
          "ancestorTitles": ["LeaderboardService", "getLeaderboardStats"],
          "fullName": "LeaderboardService getLeaderboardStats should return aggregated statistics",
          "status": "passed",
          "title": "should return aggregated statistics",
          "duration": 0.2533329999999978,
          "failureMessages": [],
          "meta": {}
        },
        {
          "ancestorTitles": ["LeaderboardService", "getLeaderboardStats"],
          "fullName": "LeaderboardService getLeaderboardStats should handle null average score",
          "status": "passed",
          "title": "should handle null average score",
          "duration": 0.077083000000016,
          "failureMessages": [],
          "meta": {}
        },
        {
          "ancestorTitles": ["LeaderboardService", "getLeaderboardStats"],
          "fullName": "LeaderboardService getLeaderboardStats should handle database errors",
          "status": "passed",
          "title": "should handle database errors",
          "duration": 0.6872920000000704,
          "failureMessages": [],
          "meta": {}
        }
      ],
      "startTime": 1750906205799,
      "endTime": 1750906205805.6873,
      "status": "passed",
      "message": "",
      "name": "/Users/premanandc/Projects/quizzer/src/__tests__/services/leaderboard-service.test.ts"
    },
    {
      "assertionResults": [
        {
          "ancestorTitles": ["QuizService", "getQuiz"],
          "fullName": "QuizService getQuiz should return quiz data for valid active quiz",
          "status": "passed",
          "title": "should return quiz data for valid active quiz",
          "duration": 6.486582999999996,
          "failureMessages": [],
          "meta": {}
        },
        {
          "ancestorTitles": ["QuizService", "getQuiz"],
          "fullName": "QuizService getQuiz should return null for non-existent quiz",
          "status": "passed",
          "title": "should return null for non-existent quiz",
          "duration": 0.26841699999999946,
          "failureMessages": [],
          "meta": {}
        },
        {
          "ancestorTitles": ["QuizService", "getQuiz"],
          "fullName": "QuizService getQuiz should handle quiz with null description",
          "status": "passed",
          "title": "should handle quiz with null description",
          "duration": 0.18479200000001583,
          "failureMessages": [],
          "meta": {}
        },
        {
          "ancestorTitles": ["QuizService", "getQuiz"],
          "fullName": "QuizService getQuiz should handle empty explanation in options",
          "status": "passed",
          "title": "should handle empty explanation in options",
          "duration": 0.2535000000000309,
          "failureMessages": [],
          "meta": {}
        },
        {
          "ancestorTitles": ["QuizService", "getAvailableQuizzes"],
          "fullName": "QuizService getAvailableQuizzes should return list of active quizzes with question counts",
          "status": "passed",
          "title": "should return list of active quizzes with question counts",
          "duration": 0.45745799999997416,
          "failureMessages": [],
          "meta": {}
        },
        {
          "ancestorTitles": ["QuizService", "getAvailableQuizzes"],
          "fullName": "QuizService getAvailableQuizzes should return empty array when no quizzes exist",
          "status": "passed",
          "title": "should return empty array when no quizzes exist",
          "duration": 0.15195799999992232,
          "failureMessages": [],
          "meta": {}
        },
        {
          "ancestorTitles": ["QuizService", "createSession"],
          "fullName": "QuizService createSession should create a new quiz session",
          "status": "passed",
          "title": "should create a new quiz session",
          "duration": 0.32645800000000236,
          "failureMessages": [],
          "meta": {}
        },
        {
          "ancestorTitles": ["QuizService", "updateSessionAnswer"],
          "fullName": "QuizService updateSessionAnswer should update session with new answer",
          "status": "passed",
          "title": "should update session with new answer",
          "duration": 0.34600000000000364,
          "failureMessages": [],
          "meta": {}
        },
        {
          "ancestorTitles": ["QuizService", "updateSessionAnswer"],
          "fullName": "QuizService updateSessionAnswer should update existing answer",
          "status": "passed",
          "title": "should update existing answer",
          "duration": 0.2843749999999545,
          "failureMessages": [],
          "meta": {}
        },
        {
          "ancestorTitles": ["QuizService", "updateSessionAnswer"],
          "fullName": "QuizService updateSessionAnswer should handle multiple answers",
          "status": "passed",
          "title": "should handle multiple answers",
          "duration": 0.1022090000000162,
          "failureMessages": [],
          "meta": {}
        },
        {
          "ancestorTitles": [
            "QuizService",
            "navigation methods",
            "nextQuestion"
          ],
          "fullName": "QuizService navigation methods nextQuestion should move to next question",
          "status": "passed",
          "title": "should move to next question",
          "duration": 0.08212499999990541,
          "failureMessages": [],
          "meta": {}
        },
        {
          "ancestorTitles": [
            "QuizService",
            "navigation methods",
            "nextQuestion"
          ],
          "fullName": "QuizService navigation methods nextQuestion should not go beyond last question",
          "status": "passed",
          "title": "should not go beyond last question",
          "duration": 0.062250000000062755,
          "failureMessages": [],
          "meta": {}
        },
        {
          "ancestorTitles": [
            "QuizService",
            "navigation methods",
            "previousQuestion"
          ],
          "fullName": "QuizService navigation methods previousQuestion should move to previous question",
          "status": "passed",
          "title": "should move to previous question",
          "duration": 0.06304099999999835,
          "failureMessages": [],
          "meta": {}
        },
        {
          "ancestorTitles": [
            "QuizService",
            "navigation methods",
            "previousQuestion"
          ],
          "fullName": "QuizService navigation methods previousQuestion should not go before first question",
          "status": "passed",
          "title": "should not go before first question",
          "duration": 0.05487499999992451,
          "failureMessages": [],
          "meta": {}
        },
        {
          "ancestorTitles": [
            "QuizService",
            "navigation methods",
            "goToQuestion"
          ],
          "fullName": "QuizService navigation methods goToQuestion should go to specific question index",
          "status": "passed",
          "title": "should go to specific question index",
          "duration": 0.06416699999999764,
          "failureMessages": [],
          "meta": {}
        },
        {
          "ancestorTitles": [
            "QuizService",
            "navigation methods",
            "goToQuestion"
          ],
          "fullName": "QuizService navigation methods goToQuestion should clamp to valid range when index too high",
          "status": "passed",
          "title": "should clamp to valid range when index too high",
          "duration": 0.05299999999999727,
          "failureMessages": [],
          "meta": {}
        },
        {
          "ancestorTitles": [
            "QuizService",
            "navigation methods",
            "goToQuestion"
          ],
          "fullName": "QuizService navigation methods goToQuestion should clamp to valid range when index negative",
          "status": "passed",
          "title": "should clamp to valid range when index negative",
          "duration": 0.06737499999996999,
          "failureMessages": [],
          "meta": {}
        },
        {
          "ancestorTitles": ["QuizService", "submitQuiz"],
          "fullName": "QuizService submitQuiz should submit quiz and calculate score correctly",
          "status": "passed",
          "title": "should submit quiz and calculate score correctly",
          "duration": 0.45729099999994105,
          "failureMessages": [],
          "meta": {}
        },
        {
          "ancestorTitles": ["QuizService", "submitQuiz"],
          "fullName": "QuizService submitQuiz should submit quiz without saving when no userId provided",
          "status": "passed",
          "title": "should submit quiz without saving when no userId provided",
          "duration": 0.15841699999998582,
          "failureMessages": [],
          "meta": {}
        },
        {
          "ancestorTitles": ["QuizService", "submitQuiz"],
          "fullName": "QuizService submitQuiz should handle incorrect answers",
          "status": "passed",
          "title": "should handle incorrect answers",
          "duration": 0.10183300000005602,
          "failureMessages": [],
          "meta": {}
        },
        {
          "ancestorTitles": ["QuizService", "submitQuiz"],
          "fullName": "QuizService submitQuiz should handle multiple correct answers",
          "status": "passed",
          "title": "should handle multiple correct answers",
          "duration": 0.09450000000003911,
          "failureMessages": [],
          "meta": {}
        },
        {
          "ancestorTitles": ["QuizService", "submitQuiz"],
          "fullName": "QuizService submitQuiz should handle missing answers",
          "status": "passed",
          "title": "should handle missing answers",
          "duration": 0.10316599999998743,
          "failureMessages": [],
          "meta": {}
        }
      ],
      "startTime": 1750906205800,
      "endTime": 1750906205810.4573,
      "status": "passed",
      "message": "",
      "name": "/Users/premanandc/Projects/quizzer/src/__tests__/services/quiz-service.test.ts"
    },
    {
      "assertionResults": [
        {
          "ancestorTitles": ["/api/auth/register"],
          "fullName": "/api/auth/register should create a new user with valid data",
          "status": "passed",
          "title": "should create a new user with valid data",
          "duration": 3.6381670000000668,
          "failureMessages": [],
          "meta": {}
        },
        {
          "ancestorTitles": ["/api/auth/register"],
          "fullName": "/api/auth/register should return 400 for missing required fields",
          "status": "passed",
          "title": "should return 400 for missing required fields",
          "duration": 0.5174170000000231,
          "failureMessages": [],
          "meta": {}
        },
        {
          "ancestorTitles": ["/api/auth/register"],
          "fullName": "/api/auth/register should return 400 for invalid email format",
          "status": "passed",
          "title": "should return 400 for invalid email format",
          "duration": 0.5316669999999704,
          "failureMessages": [],
          "meta": {}
        },
        {
          "ancestorTitles": ["/api/auth/register"],
          "fullName": "/api/auth/register should return 400 for password too short",
          "status": "passed",
          "title": "should return 400 for password too short",
          "duration": 0.14241600000002563,
          "failureMessages": [],
          "meta": {}
        },
        {
          "ancestorTitles": ["/api/auth/register"],
          "fullName": "/api/auth/register should return 409 for existing user",
          "status": "passed",
          "title": "should return 409 for existing user",
          "duration": 0.22000000000002728,
          "failureMessages": [],
          "meta": {}
        },
        {
          "ancestorTitles": ["/api/auth/register"],
          "fullName": "/api/auth/register should return 500 for database errors",
          "status": "passed",
          "title": "should return 500 for database errors",
          "duration": 2.937750000000051,
          "failureMessages": [],
          "meta": {}
        },
        {
          "ancestorTitles": ["/api/auth/register"],
          "fullName": "/api/auth/register should return 500 for bcrypt errors",
          "status": "passed",
          "title": "should return 500 for bcrypt errors",
          "duration": 0.37283400000001166,
          "failureMessages": [],
          "meta": {}
        },
        {
          "ancestorTitles": ["/api/auth/register"],
          "fullName": "/api/auth/register should handle malformed JSON",
          "status": "passed",
          "title": "should handle malformed JSON",
          "duration": 1.9395000000000664,
          "failureMessages": [],
          "meta": {}
        },
        {
          "ancestorTitles": ["/api/auth/register"],
          "fullName": "/api/auth/register should validate email format edge cases",
          "status": "passed",
          "title": "should validate email format edge cases",
          "duration": 0.47658400000000256,
          "failureMessages": [],
          "meta": {}
        }
      ],
      "startTime": 1750906205862,
      "endTime": 1750906205872.4766,
      "status": "passed",
      "message": "",
      "name": "/Users/premanandc/Projects/quizzer/src/__tests__/api/auth/register.test.ts"
    },
    {
      "assertionResults": [
        {
          "ancestorTitles": ["SignInForm"],
          "fullName": "SignInForm should render all form fields",
          "status": "passed",
          "title": "should render all form fields",
          "duration": 27.69487500000014,
          "failureMessages": [],
          "meta": {}
        },
        {
          "ancestorTitles": ["SignInForm"],
          "fullName": "SignInForm should update form fields when typing",
          "status": "passed",
          "title": "should update form fields when typing",
          "duration": 85.01774999999998,
          "failureMessages": [],
          "meta": {}
        },
        {
          "ancestorTitles": ["SignInForm"],
          "fullName": "SignInForm should sign in successfully with valid credentials",
          "status": "passed",
          "title": "should sign in successfully with valid credentials",
          "duration": 176.09637499999985,
          "failureMessages": [],
          "meta": {}
        },
        {
          "ancestorTitles": ["SignInForm"],
          "fullName": "SignInForm should show error message for invalid credentials",
          "status": "passed",
          "title": "should show error message for invalid credentials",
          "duration": 70.40995799999996,
          "failureMessages": [],
          "meta": {}
        },
        {
          "ancestorTitles": ["SignInForm"],
          "fullName": "SignInForm should show error message for sign in errors",
          "status": "passed",
          "title": "should show error message for sign in errors",
          "duration": 62.632917000000134,
          "failureMessages": [],
          "meta": {}
        },
        {
          "ancestorTitles": ["SignInForm"],
          "fullName": "SignInForm should disable form fields during submission",
          "status": "passed",
          "title": "should disable form fields during submission",
          "duration": 165.608792,
          "failureMessages": [],
          "meta": {}
        },
        {
          "ancestorTitles": ["SignInForm"],
          "fullName": "SignInForm should require email and password fields",
          "status": "passed",
          "title": "should require email and password fields",
          "duration": 1.6578750000001037,
          "failureMessages": [],
          "meta": {}
        },
        {
          "ancestorTitles": ["SignInForm"],
          "fullName": "SignInForm should have correct input types",
          "status": "passed",
          "title": "should have correct input types",
          "duration": 2.211999999999989,
          "failureMessages": [],
          "meta": {}
        },
        {
          "ancestorTitles": ["SignInForm"],
          "fullName": "SignInForm should prevent form submission when loading",
          "status": "passed",
          "title": "should prevent form submission when loading",
          "duration": 67.11170900000002,
          "failureMessages": [],
          "meta": {}
        },
        {
          "ancestorTitles": ["SignInForm"],
          "fullName": "SignInForm should clear error message when form is edited after error",
          "status": "passed",
          "title": "should clear error message when form is edited after error",
          "duration": 75.79708300000016,
          "failureMessages": [],
          "meta": {}
        },
        {
          "ancestorTitles": ["SignInForm"],
          "fullName": "SignInForm should handle form submission with enter key",
          "status": "passed",
          "title": "should handle form submission with enter key",
          "duration": 63.52825000000007,
          "failureMessages": [],
          "meta": {}
        },
        {
          "ancestorTitles": ["SignInForm"],
          "fullName": "SignInForm should not submit form with empty fields",
          "status": "passed",
          "title": "should not submit form with empty fields",
          "duration": 7.596499999999878,
          "failureMessages": [],
          "meta": {}
        }
      ],
      "startTime": 1750906206025,
      "endTime": 1750906206830.5964,
      "status": "passed",
      "message": "",
      "name": "/Users/premanandc/Projects/quizzer/src/__tests__/components/auth/signin-form.test.tsx"
    },
    {
      "assertionResults": [
        {
          "ancestorTitles": ["SignUpForm"],
          "fullName": "SignUpForm should render all form fields",
          "status": "passed",
          "title": "should render all form fields",
          "duration": 33.89004200000011,
          "failureMessages": [],
          "meta": {}
        },
        {
          "ancestorTitles": ["SignUpForm"],
          "fullName": "SignUpForm should update form fields when typing",
          "status": "passed",
          "title": "should update form fields when typing",
          "duration": 142.43212500000004,
          "failureMessages": [],
          "meta": {}
        },
        {
          "ancestorTitles": ["SignUpForm"],
          "fullName": "SignUpForm should show error when passwords do not match",
          "status": "passed",
          "title": "should show error when passwords do not match",
          "duration": 116.4934589999998,
          "failureMessages": [],
          "meta": {}
        },
        {
          "ancestorTitles": ["SignUpForm"],
          "fullName": "SignUpForm should submit form with valid data",
          "status": "passed",
          "title": "should submit form with valid data",
          "duration": 218.56512500000008,
          "failureMessages": [],
          "meta": {}
        },
        {
          "ancestorTitles": ["SignUpForm"],
          "fullName": "SignUpForm should show error message for API errors",
          "status": "passed",
          "title": "should show error message for API errors",
          "duration": 132.54366600000003,
          "failureMessages": [],
          "meta": {}
        },
        {
          "ancestorTitles": ["SignUpForm"],
          "fullName": "SignUpForm should show generic error message for network errors",
          "status": "passed",
          "title": "should show generic error message for network errors",
          "duration": 115.09991600000012,
          "failureMessages": [],
          "meta": {}
        },
        {
          "ancestorTitles": ["SignUpForm"],
          "fullName": "SignUpForm should show error message when API returns error without specific message",
          "status": "passed",
          "title": "should show error message when API returns error without specific message",
          "duration": 115.83895799999982,
          "failureMessages": [],
          "meta": {}
        },
        {
          "ancestorTitles": ["SignUpForm"],
          "fullName": "SignUpForm should disable form fields during submission",
          "status": "passed",
          "title": "should disable form fields during submission",
          "duration": 212.23874999999998,
          "failureMessages": [],
          "meta": {}
        },
        {
          "ancestorTitles": ["SignUpForm"],
          "fullName": "SignUpForm should require all fields",
          "status": "passed",
          "title": "should require all fields",
          "duration": 2.5332079999998314,
          "failureMessages": [],
          "meta": {}
        },
        {
          "ancestorTitles": ["SignUpForm"],
          "fullName": "SignUpForm should have correct input types",
          "status": "passed",
          "title": "should have correct input types",
          "duration": 1.9117919999998776,
          "failureMessages": [],
          "meta": {}
        },
        {
          "ancestorTitles": ["SignUpForm"],
          "fullName": "SignUpForm should have minimum length validation for passwords",
          "status": "passed",
          "title": "should have minimum length validation for passwords",
          "duration": 1.5921250000001237,
          "failureMessages": [],
          "meta": {}
        },
        {
          "ancestorTitles": ["SignUpForm"],
          "fullName": "SignUpForm should clear success message when form is edited after successful submission",
          "status": "passed",
          "title": "should clear success message when form is edited after successful submission",
          "duration": 134.24629200000027,
          "failureMessages": [],
          "meta": {}
        }
      ],
      "startTime": 1750906206015,
      "endTime": 1750906207242.2463,
      "status": "passed",
      "message": "",
      "name": "/Users/premanandc/Projects/quizzer/src/__tests__/components/auth/signup-form.test.tsx"
    },
    {
      "assertionResults": [
        {
          "ancestorTitles": ["UserAvatar"],
          "fullName": "UserAvatar should show sign in button when user is not authenticated",
          "status": "passed",
          "title": "should show sign in button when user is not authenticated",
          "duration": 46.24770799999999,
          "failureMessages": [],
          "meta": {}
        },
        {
          "ancestorTitles": ["UserAvatar"],
          "fullName": "UserAvatar should show user info and sign out button when authenticated",
          "status": "passed",
          "title": "should show user info and sign out button when authenticated",
          "duration": 2.363707999999974,
          "failureMessages": [],
          "meta": {}
        },
        {
          "ancestorTitles": ["UserAvatar"],
          "fullName": "UserAvatar should display user image when available",
          "status": "passed",
          "title": "should display user image when available",
          "duration": 1.2056250000000546,
          "failureMessages": [],
          "meta": {}
        },
        {
          "ancestorTitles": ["UserAvatar"],
          "fullName": "UserAvatar should not display user image when not available",
          "status": "passed",
          "title": "should not display user image when not available",
          "duration": 0.9208329999999023,
          "failureMessages": [],
          "meta": {}
        },
        {
          "ancestorTitles": ["UserAvatar"],
          "fullName": "UserAvatar should display email when name is not available",
          "status": "passed",
          "title": "should display email when name is not available",
          "duration": 0.6693749999999454,
          "failureMessages": [],
          "meta": {}
        },
        {
          "ancestorTitles": ["UserAvatar"],
          "fullName": "UserAvatar should use name for image alt text when available",
          "status": "passed",
          "title": "should use name for image alt text when available",
          "duration": 0.6143749999999955,
          "failureMessages": [],
          "meta": {}
        },
        {
          "ancestorTitles": ["UserAvatar"],
          "fullName": "UserAvatar should use \"User\" as alt text when name is not available",
          "status": "passed",
          "title": "should use \"User\" as alt text when name is not available",
          "duration": 0.5195830000000115,
          "failureMessages": [],
          "meta": {}
        },
        {
          "ancestorTitles": ["UserAvatar"],
          "fullName": "UserAvatar should link to profile page when authenticated",
          "status": "passed",
          "title": "should link to profile page when authenticated",
          "duration": 0.5527499999999463,
          "failureMessages": [],
          "meta": {}
        },
        {
          "ancestorTitles": ["UserAvatar"],
          "fullName": "UserAvatar should handle session with empty user object",
          "status": "passed",
          "title": "should handle session with empty user object",
          "duration": 0.4112080000001015,
          "failureMessages": [],
          "meta": {}
        },
        {
          "ancestorTitles": ["UserAvatar"],
          "fullName": "UserAvatar should handle session with partial user data",
          "status": "passed",
          "title": "should handle session with partial user data",
          "duration": 0.5894160000000284,
          "failureMessages": [],
          "meta": {}
        },
        {
          "ancestorTitles": ["UserAvatar"],
          "fullName": "UserAvatar should apply correct CSS classes for layout",
          "status": "passed",
          "title": "should apply correct CSS classes for layout",
          "duration": 0.5748749999999063,
          "failureMessages": [],
          "meta": {}
        },
        {
          "ancestorTitles": ["UserAvatar"],
          "fullName": "UserAvatar should handle auth function throwing error",
          "status": "passed",
          "title": "should handle auth function throwing error",
          "duration": 0.7869999999999209,
          "failureMessages": [],
          "meta": {}
        }
      ],
      "startTime": 1750906205943,
      "endTime": 1750906205997.787,
      "status": "passed",
      "message": "",
      "name": "/Users/premanandc/Projects/quizzer/src/__tests__/components/auth/user-avatar.test.tsx"
    },
    {
      "assertionResults": [
        {
          "ancestorTitles": ["Input"],
          "fullName": "Input should render input element",
          "status": "passed",
          "title": "should render input element",
          "duration": 21.978083999999967,
          "failureMessages": [],
          "meta": {}
        },
        {
          "ancestorTitles": ["Input"],
          "fullName": "Input should apply default classes",
          "status": "passed",
          "title": "should apply default classes",
          "duration": 1.054540999999972,
          "failureMessages": [],
          "meta": {}
        },
        {
          "ancestorTitles": ["Input"],
          "fullName": "Input should merge custom className with default classes",
          "status": "passed",
          "title": "should merge custom className with default classes",
          "duration": 0.8312499999999545,
          "failureMessages": [],
          "meta": {}
        },
        {
          "ancestorTitles": ["Input"],
          "fullName": "Input should pass through input type",
          "status": "passed",
          "title": "should pass through input type",
          "duration": 0.7967499999999745,
          "failureMessages": [],
          "meta": {}
        },
        {
          "ancestorTitles": ["Input"],
          "fullName": "Input should pass through all input props",
          "status": "passed",
          "title": "should pass through all input props",
          "duration": 1.2617499999998927,
          "failureMessages": [],
          "meta": {}
        },
        {
          "ancestorTitles": ["Input"],
          "fullName": "Input should handle user input",
          "status": "passed",
          "title": "should handle user input",
          "duration": 38.38154099999997,
          "failureMessages": [],
          "meta": {}
        },
        {
          "ancestorTitles": ["Input"],
          "fullName": "Input should support ref forwarding",
          "status": "passed",
          "title": "should support ref forwarding",
          "duration": 1.0945000000001528,
          "failureMessages": [],
          "meta": {}
        },
        {
          "ancestorTitles": ["Input"],
          "fullName": "Input should handle different input types correctly",
          "status": "passed",
          "title": "should handle different input types correctly",
          "duration": 1.7742500000001655,
          "failureMessages": [],
          "meta": {}
        },
        {
          "ancestorTitles": ["Input"],
          "fullName": "Input should have focus styles when focused",
          "status": "passed",
          "title": "should have focus styles when focused",
          "duration": 6.561500000000024,
          "failureMessages": [],
          "meta": {}
        },
        {
          "ancestorTitles": ["Input"],
          "fullName": "Input should have disabled styles when disabled",
          "status": "passed",
          "title": "should have disabled styles when disabled",
          "duration": 0.8999590000000808,
          "failureMessages": [],
          "meta": {}
        },
        {
          "ancestorTitles": ["Input"],
          "fullName": "Input should handle placeholder text",
          "status": "passed",
          "title": "should handle placeholder text",
          "duration": 0.6576249999998254,
          "failureMessages": [],
          "meta": {}
        },
        {
          "ancestorTitles": ["Input"],
          "fullName": "Input should support aria attributes",
          "status": "passed",
          "title": "should support aria attributes",
          "duration": 0.7067919999999503,
          "failureMessages": [],
          "meta": {}
        },
        {
          "ancestorTitles": ["Input"],
          "fullName": "Input should handle file input type",
          "status": "passed",
          "title": "should handle file input type",
          "duration": 0.47191700000007586,
          "failureMessages": [],
          "meta": {}
        }
      ],
      "startTime": 1750906206024,
      "endTime": 1750906206100.7068,
      "status": "passed",
      "message": "",
      "name": "/Users/premanandc/Projects/quizzer/src/__tests__/components/ui/input.test.tsx"
    },
    {
      "assertionResults": [
        {
          "ancestorTitles": ["Label"],
          "fullName": "Label should render label element",
          "status": "passed",
          "title": "should render label element",
          "duration": 13.233125000000086,
          "failureMessages": [],
          "meta": {}
        },
        {
          "ancestorTitles": ["Label"],
          "fullName": "Label should apply default classes",
          "status": "passed",
          "title": "should apply default classes",
          "duration": 0.8670830000000933,
          "failureMessages": [],
          "meta": {}
        },
        {
          "ancestorTitles": ["Label"],
          "fullName": "Label should merge custom className with default classes",
          "status": "passed",
          "title": "should merge custom className with default classes",
          "duration": 0.6694579999999632,
          "failureMessages": [],
          "meta": {}
        },
        {
          "ancestorTitles": ["Label"],
          "fullName": "Label should pass through label props",
          "status": "passed",
          "title": "should pass through label props",
          "duration": 21.215416000000005,
          "failureMessages": [],
          "meta": {}
        },
        {
          "ancestorTitles": ["Label"],
          "fullName": "Label should support ref forwarding",
          "status": "passed",
          "title": "should support ref forwarding",
          "duration": 0.9862089999999171,
          "failureMessages": [],
          "meta": {}
        },
        {
          "ancestorTitles": ["Label"],
          "fullName": "Label should handle children content",
          "status": "passed",
          "title": "should handle children content",
          "duration": 1.124249999999961,
          "failureMessages": [],
          "meta": {}
        },
        {
          "ancestorTitles": ["Label"],
          "fullName": "Label should support aria attributes",
          "status": "passed",
          "title": "should support aria attributes",
          "duration": 0.4726670000000013,
          "failureMessages": [],
          "meta": {}
        },
        {
          "ancestorTitles": ["Label"],
          "fullName": "Label should handle empty content",
          "status": "passed",
          "title": "should handle empty content",
          "duration": 0.5687079999999014,
          "failureMessages": [],
          "meta": {}
        },
        {
          "ancestorTitles": ["Label"],
          "fullName": "Label should associate with form controls correctly",
          "status": "passed",
          "title": "should associate with form controls correctly",
          "duration": 3.8451669999999467,
          "failureMessages": [],
          "meta": {}
        },
        {
          "ancestorTitles": ["Label"],
          "fullName": "Label should have peer-disabled styles",
          "status": "passed",
          "title": "should have peer-disabled styles",
          "duration": 0.4971250000000964,
          "failureMessages": [],
          "meta": {}
        },
        {
          "ancestorTitles": ["Label"],
          "fullName": "Label should handle multiple class names",
          "status": "passed",
          "title": "should handle multiple class names",
          "duration": 0.6943330000000287,
          "failureMessages": [],
          "meta": {}
        },
        {
          "ancestorTitles": ["Label"],
          "fullName": "Label should support data attributes",
          "status": "passed",
          "title": "should support data attributes",
          "duration": 0.3665839999999889,
          "failureMessages": [],
          "meta": {}
        },
        {
          "ancestorTitles": ["Label"],
          "fullName": "Label should support event handlers",
          "status": "passed",
          "title": "should support event handlers",
          "duration": 1.6669169999998985,
          "failureMessages": [],
          "meta": {}
        }
      ],
      "startTime": 1750906205948,
      "endTime": 1750906205994.667,
      "status": "passed",
      "message": "",
      "name": "/Users/premanandc/Projects/quizzer/src/__tests__/components/ui/label.test.tsx"
    },
    {
      "assertionResults": [
        {
          "ancestorTitles": ["/api/quiz/[id] - GET"],
          "fullName": "/api/quiz/[id] - GET should return quiz data for valid quiz ID",
          "status": "passed",
          "title": "should return quiz data for valid quiz ID",
          "duration": 3.0337089999999307,
          "failureMessages": [],
          "meta": {}
        },
        {
          "ancestorTitles": ["/api/quiz/[id] - GET"],
          "fullName": "/api/quiz/[id] - GET should return 404 for non-existent quiz",
          "status": "passed",
          "title": "should return 404 for non-existent quiz",
          "duration": 0.3235410000000911,
          "failureMessages": [],
          "meta": {}
        },
        {
          "ancestorTitles": ["/api/quiz/[id] - GET"],
          "fullName": "/api/quiz/[id] - GET should return 500 for database errors",
          "status": "passed",
          "title": "should return 500 for database errors",
          "duration": 2.902832999999987,
          "failureMessages": [],
          "meta": {}
        },
        {
          "ancestorTitles": ["/api/quiz/[id] - GET"],
          "fullName": "/api/quiz/[id] - GET should handle special characters in quiz ID",
          "status": "passed",
          "title": "should handle special characters in quiz ID",
          "duration": 0.21662500000002183,
          "failureMessages": [],
          "meta": {}
        },
        {
          "ancestorTitles": ["/api/quiz/[id] - GET"],
          "fullName": "/api/quiz/[id] - GET should handle empty quiz ID",
          "status": "passed",
          "title": "should handle empty quiz ID",
          "duration": 0.1787499999999227,
          "failureMessages": [],
          "meta": {}
        },
        {
          "ancestorTitles": ["/api/quiz/[id] - GET"],
          "fullName": "/api/quiz/[id] - GET should return quiz with null description correctly",
          "status": "passed",
          "title": "should return quiz with null description correctly",
          "duration": 0.16170900000008714,
          "failureMessages": [],
          "meta": {}
        },
        {
          "ancestorTitles": ["/api/quiz/[id] - GET"],
          "fullName": "/api/quiz/[id] - GET should return quiz with multiple questions",
          "status": "passed",
          "title": "should return quiz with multiple questions",
          "duration": 0.5104999999999791,
          "failureMessages": [],
          "meta": {}
        }
      ],
      "startTime": 1750906205866,
      "endTime": 1750906205873.5105,
      "status": "passed",
      "message": "",
      "name": "/Users/premanandc/Projects/quizzer/src/__tests__/api/quiz/[id]/route.test.ts"
    },
    {
      "assertionResults": [
        {
          "ancestorTitles": ["/api/quiz/[id]/submit - POST"],
          "fullName": "/api/quiz/[id]/submit - POST should submit quiz successfully with authenticated user",
          "status": "passed",
          "title": "should submit quiz successfully with authenticated user",
          "duration": 4.3947919999999385,
          "failureMessages": [],
          "meta": {}
        },
        {
          "ancestorTitles": ["/api/quiz/[id]/submit - POST"],
          "fullName": "/api/quiz/[id]/submit - POST should submit quiz successfully without authenticated user",
          "status": "passed",
          "title": "should submit quiz successfully without authenticated user",
          "duration": 0.5266670000000886,
          "failureMessages": [],
          "meta": {}
        },
        {
          "ancestorTitles": ["/api/quiz/[id]/submit - POST"],
          "fullName": "/api/quiz/[id]/submit - POST should return 400 for missing quizSession",
          "status": "passed",
          "title": "should return 400 for missing quizSession",
          "duration": 0.3170420000000149,
          "failureMessages": [],
          "meta": {}
        },
        {
          "ancestorTitles": ["/api/quiz/[id]/submit - POST"],
          "fullName": "/api/quiz/[id]/submit - POST should return 400 for missing quiz",
          "status": "passed",
          "title": "should return 400 for missing quiz",
          "duration": 0.23212499999999636,
          "failureMessages": [],
          "meta": {}
        },
        {
          "ancestorTitles": ["/api/quiz/[id]/submit - POST"],
          "fullName": "/api/quiz/[id]/submit - POST should return 400 for both missing data",
          "status": "passed",
          "title": "should return 400 for both missing data",
          "duration": 0.21908400000006623,
          "failureMessages": [],
          "meta": {}
        },
        {
          "ancestorTitles": ["/api/quiz/[id]/submit - POST"],
          "fullName": "/api/quiz/[id]/submit - POST should return 500 for database errors",
          "status": "passed",
          "title": "should return 500 for database errors",
          "duration": 3.817957999999976,
          "failureMessages": [],
          "meta": {}
        },
        {
          "ancestorTitles": ["/api/quiz/[id]/submit - POST"],
          "fullName": "/api/quiz/[id]/submit - POST should return 500 for auth errors",
          "status": "passed",
          "title": "should return 500 for auth errors",
          "duration": 0.442916000000082,
          "failureMessages": [],
          "meta": {}
        },
        {
          "ancestorTitles": ["/api/quiz/[id]/submit - POST"],
          "fullName": "/api/quiz/[id]/submit - POST should handle malformed JSON",
          "status": "passed",
          "title": "should handle malformed JSON",
          "duration": 1.8070829999999205,
          "failureMessages": [],
          "meta": {}
        },
        {
          "ancestorTitles": ["/api/quiz/[id]/submit - POST"],
          "fullName": "/api/quiz/[id]/submit - POST should correctly convert startTime string to Date object",
          "status": "passed",
          "title": "should correctly convert startTime string to Date object",
          "duration": 0.3256660000000693,
          "failureMessages": [],
          "meta": {}
        },
        {
          "ancestorTitles": ["/api/quiz/[id]/submit - POST"],
          "fullName": "/api/quiz/[id]/submit - POST should handle session with partial user data",
          "status": "passed",
          "title": "should handle session with partial user data",
          "duration": 0.26129200000002584,
          "failureMessages": [],
          "meta": {}
        },
        {
          "ancestorTitles": ["/api/quiz/[id]/submit - POST"],
          "fullName": "/api/quiz/[id]/submit - POST should handle empty quiz session answers",
          "status": "passed",
          "title": "should handle empty quiz session answers",
          "duration": 0.22741599999994833,
          "failureMessages": [],
          "meta": {}
        }
      ],
      "startTime": 1750906205863,
      "endTime": 1750906205875.2612,
      "status": "passed",
      "message": "",
      "name": "/Users/premanandc/Projects/quizzer/src/__tests__/api/quiz/[id]/submit.test.ts"
    }
  ],
  "coverageMap": {
    "/Users/premanandc/Projects/quizzer/src/app/api/auth/register/route.ts": {
      "path": "/Users/premanandc/Projects/quizzer/src/app/api/auth/register/route.ts",
      "all": false,
      "statementMap": {
        "0": {
          "start": { "line": 1, "column": 0 },
          "end": { "line": 1, "column": 55 }
        },
        "1": {
          "start": { "line": 2, "column": 0 },
          "end": { "line": 2, "column": 29 }
        },
        "2": {
          "start": { "line": 3, "column": 0 },
          "end": { "line": 3, "column": 33 }
        },
        "4": {
          "start": { "line": 5, "column": 0 },
          "end": { "line": 5, "column": 50 }
        },
        "5": {
          "start": { "line": 6, "column": 0 },
          "end": { "line": 6, "column": 7 }
        },
        "6": {
          "start": { "line": 7, "column": 0 },
          "end": { "line": 7, "column": 58 }
        },
        "9": {
          "start": { "line": 10, "column": 0 },
          "end": { "line": 10, "column": 39 }
        },
        "10": {
          "start": { "line": 11, "column": 0 },
          "end": { "line": 11, "column": 31 }
        },
        "11": {
          "start": { "line": 12, "column": 0 },
          "end": { "line": 12, "column": 60 }
        },
        "12": {
          "start": { "line": 13, "column": 0 },
          "end": { "line": 13, "column": 23 }
        },
        "13": {
          "start": { "line": 14, "column": 0 },
          "end": { "line": 14, "column": 7 }
        },
        "14": {
          "start": { "line": 15, "column": 0 },
          "end": { "line": 15, "column": 5 }
        },
        "17": {
          "start": { "line": 18, "column": 0 },
          "end": { "line": 18, "column": 51 }
        },
        "18": {
          "start": { "line": 19, "column": 0 },
          "end": { "line": 19, "column": 34 }
        },
        "19": {
          "start": { "line": 20, "column": 0 },
          "end": { "line": 20, "column": 31 }
        },
        "20": {
          "start": { "line": 21, "column": 0 },
          "end": { "line": 21, "column": 42 }
        },
        "21": {
          "start": { "line": 22, "column": 0 },
          "end": { "line": 22, "column": 23 }
        },
        "22": {
          "start": { "line": 23, "column": 0 },
          "end": { "line": 23, "column": 7 }
        },
        "23": {
          "start": { "line": 24, "column": 0 },
          "end": { "line": 24, "column": 5 }
        },
        "26": {
          "start": { "line": 27, "column": 0 },
          "end": { "line": 27, "column": 30 }
        },
        "27": {
          "start": { "line": 28, "column": 0 },
          "end": { "line": 28, "column": 31 }
        },
        "28": {
          "start": { "line": 29, "column": 0 },
          "end": { "line": 29, "column": 65 }
        },
        "29": {
          "start": { "line": 30, "column": 0 },
          "end": { "line": 30, "column": 23 }
        },
        "30": {
          "start": { "line": 31, "column": 0 },
          "end": { "line": 31, "column": 7 }
        },
        "31": {
          "start": { "line": 32, "column": 0 },
          "end": { "line": 32, "column": 5 }
        },
        "34": {
          "start": { "line": 35, "column": 0 },
          "end": { "line": 35, "column": 55 }
        },
        "35": {
          "start": { "line": 36, "column": 0 },
          "end": { "line": 36, "column": 22 }
        },
        "36": {
          "start": { "line": 37, "column": 0 },
          "end": { "line": 37, "column": 6 }
        },
        "38": {
          "start": { "line": 39, "column": 0 },
          "end": { "line": 39, "column": 23 }
        },
        "39": {
          "start": { "line": 40, "column": 0 },
          "end": { "line": 40, "column": 31 }
        },
        "40": {
          "start": { "line": 41, "column": 0 },
          "end": { "line": 41, "column": 57 }
        },
        "41": {
          "start": { "line": 42, "column": 0 },
          "end": { "line": 42, "column": 23 }
        },
        "42": {
          "start": { "line": 43, "column": 0 },
          "end": { "line": 43, "column": 7 }
        },
        "43": {
          "start": { "line": 44, "column": 0 },
          "end": { "line": 44, "column": 5 }
        },
        "46": {
          "start": { "line": 47, "column": 0 },
          "end": { "line": 47, "column": 58 }
        },
        "49": {
          "start": { "line": 50, "column": 0 },
          "end": { "line": 50, "column": 43 }
        },
        "50": {
          "start": { "line": 51, "column": 0 },
          "end": { "line": 51, "column": 13 }
        },
        "51": {
          "start": { "line": 52, "column": 0 },
          "end": { "line": 52, "column": 13 }
        },
        "52": {
          "start": { "line": 53, "column": 0 },
          "end": { "line": 53, "column": 14 }
        },
        "53": {
          "start": { "line": 54, "column": 0 },
          "end": { "line": 54, "column": 33 }
        },
        "54": {
          "start": { "line": 55, "column": 0 },
          "end": { "line": 55, "column": 8 }
        },
        "55": {
          "start": { "line": 56, "column": 0 },
          "end": { "line": 56, "column": 6 }
        },
        "58": {
          "start": { "line": 59, "column": 0 },
          "end": { "line": 59, "column": 29 }
        },
        "59": {
          "start": { "line": 60, "column": 0 },
          "end": { "line": 60, "column": 8 }
        },
        "60": {
          "start": { "line": 61, "column": 0 },
          "end": { "line": 61, "column": 45 }
        },
        "61": {
          "start": { "line": 62, "column": 0 },
          "end": { "line": 62, "column": 15 }
        },
        "62": {
          "start": { "line": 63, "column": 0 },
          "end": { "line": 63, "column": 22 }
        },
        "63": {
          "start": { "line": 64, "column": 0 },
          "end": { "line": 64, "column": 26 }
        },
        "64": {
          "start": { "line": 65, "column": 0 },
          "end": { "line": 65, "column": 28 }
        },
        "65": {
          "start": { "line": 66, "column": 0 },
          "end": { "line": 66, "column": 9 }
        },
        "66": {
          "start": { "line": 67, "column": 0 },
          "end": { "line": 67, "column": 8 }
        },
        "67": {
          "start": { "line": 68, "column": 0 },
          "end": { "line": 68, "column": 21 }
        },
        "68": {
          "start": { "line": 69, "column": 0 },
          "end": { "line": 69, "column": 5 }
        },
        "69": {
          "start": { "line": 70, "column": 0 },
          "end": { "line": 70, "column": 19 }
        },
        "70": {
          "start": { "line": 71, "column": 0 },
          "end": { "line": 71, "column": 47 }
        },
        "71": {
          "start": { "line": 72, "column": 0 },
          "end": { "line": 72, "column": 29 }
        },
        "72": {
          "start": { "line": 73, "column": 0 },
          "end": { "line": 73, "column": 41 }
        },
        "73": {
          "start": { "line": 74, "column": 0 },
          "end": { "line": 74, "column": 21 }
        },
        "74": {
          "start": { "line": 75, "column": 0 },
          "end": { "line": 75, "column": 5 }
        },
        "75": {
          "start": { "line": 76, "column": 0 },
          "end": { "line": 76, "column": 3 }
        },
        "76": {
          "start": { "line": 77, "column": 0 },
          "end": { "line": 77, "column": 1 }
        }
      },
      "s": {
        "0": 1,
        "1": 1,
        "2": 1,
        "4": 19,
        "5": 19,
        "6": 19,
        "9": 19,
        "10": 4,
        "11": 4,
        "12": 4,
        "13": 4,
        "14": 4,
        "17": 14,
        "18": 19,
        "19": 5,
        "20": 5,
        "21": 5,
        "22": 5,
        "23": 5,
        "26": 19,
        "27": 1,
        "28": 1,
        "29": 1,
        "30": 1,
        "31": 1,
        "34": 8,
        "35": 8,
        "36": 8,
        "38": 19,
        "39": 1,
        "40": 1,
        "41": 1,
        "42": 1,
        "43": 1,
        "46": 6,
        "49": 5,
        "50": 5,
        "51": 5,
        "52": 5,
        "53": 5,
        "54": 5,
        "55": 5,
        "58": 5,
        "59": 5,
        "60": 5,
        "61": 5,
        "62": 5,
        "63": 5,
        "64": 5,
        "65": 5,
        "66": 5,
        "67": 5,
        "68": 5,
        "69": 19,
        "70": 3,
        "71": 3,
        "72": 3,
        "73": 3,
        "74": 3,
        "75": 3,
        "76": 19
      },
      "branchMap": {
        "0": {
          "type": "branch",
          "line": 5,
          "loc": {
            "start": { "line": 5, "column": 0 },
            "end": { "line": 77, "column": 1 }
          },
          "locations": [
            {
              "start": { "line": 5, "column": 0 },
              "end": { "line": 77, "column": 1 }
            }
          ]
        },
        "1": {
          "type": "branch",
          "line": 7,
          "loc": {
            "start": { "line": 7, "column": 57 },
            "end": { "line": 10, "column": 17 }
          },
          "locations": [
            {
              "start": { "line": 7, "column": 57 },
              "end": { "line": 10, "column": 17 }
            }
          ]
        },
        "2": {
          "type": "branch",
          "line": 10,
          "loc": {
            "start": { "line": 10, "column": 9 },
            "end": { "line": 10, "column": 27 }
          },
          "locations": [
            {
              "start": { "line": 10, "column": 9 },
              "end": { "line": 10, "column": 27 }
            }
          ]
        },
        "3": {
          "type": "branch",
          "line": 10,
          "loc": {
            "start": { "line": 10, "column": 18 },
            "end": { "line": 10, "column": 38 }
          },
          "locations": [
            {
              "start": { "line": 10, "column": 18 },
              "end": { "line": 10, "column": 38 }
            }
          ]
        },
        "4": {
          "type": "branch",
          "line": 10,
          "loc": {
            "start": { "line": 10, "column": 38 },
            "end": { "line": 15, "column": 5 }
          },
          "locations": [
            {
              "start": { "line": 10, "column": 38 },
              "end": { "line": 15, "column": 5 }
            }
          ]
        },
        "5": {
          "type": "branch",
          "line": 15,
          "loc": {
            "start": { "line": 15, "column": 4 },
            "end": { "line": 19, "column": 33 }
          },
          "locations": [
            {
              "start": { "line": 15, "column": 4 },
              "end": { "line": 19, "column": 33 }
            }
          ]
        },
        "6": {
          "type": "branch",
          "line": 19,
          "loc": {
            "start": { "line": 19, "column": 33 },
            "end": { "line": 24, "column": 5 }
          },
          "locations": [
            {
              "start": { "line": 19, "column": 33 },
              "end": { "line": 24, "column": 5 }
            }
          ]
        },
        "7": {
          "type": "branch",
          "line": 24,
          "loc": {
            "start": { "line": 24, "column": 4 },
            "end": { "line": 27, "column": 29 }
          },
          "locations": [
            {
              "start": { "line": 24, "column": 4 },
              "end": { "line": 27, "column": 29 }
            }
          ]
        },
        "8": {
          "type": "branch",
          "line": 27,
          "loc": {
            "start": { "line": 27, "column": 29 },
            "end": { "line": 32, "column": 5 }
          },
          "locations": [
            {
              "start": { "line": 27, "column": 29 },
              "end": { "line": 32, "column": 5 }
            }
          ]
        },
        "9": {
          "type": "branch",
          "line": 32,
          "loc": {
            "start": { "line": 32, "column": 4 },
            "end": { "line": 37, "column": 6 }
          },
          "locations": [
            {
              "start": { "line": 32, "column": 4 },
              "end": { "line": 37, "column": 6 }
            }
          ]
        },
        "10": {
          "type": "branch",
          "line": 37,
          "loc": {
            "start": { "line": 37, "column": 5 },
            "end": { "line": 39, "column": 22 }
          },
          "locations": [
            {
              "start": { "line": 37, "column": 5 },
              "end": { "line": 39, "column": 22 }
            }
          ]
        },
        "11": {
          "type": "branch",
          "line": 39,
          "loc": {
            "start": { "line": 39, "column": 22 },
            "end": { "line": 44, "column": 5 }
          },
          "locations": [
            {
              "start": { "line": 39, "column": 22 },
              "end": { "line": 44, "column": 5 }
            }
          ]
        },
        "12": {
          "type": "branch",
          "line": 44,
          "loc": {
            "start": { "line": 44, "column": 4 },
            "end": { "line": 47, "column": 58 }
          },
          "locations": [
            {
              "start": { "line": 44, "column": 4 },
              "end": { "line": 47, "column": 58 }
            }
          ]
        },
        "13": {
          "type": "branch",
          "line": 47,
          "loc": {
            "start": { "line": 47, "column": 57 },
            "end": { "line": 70, "column": 11 }
          },
          "locations": [
            {
              "start": { "line": 47, "column": 57 },
              "end": { "line": 70, "column": 11 }
            }
          ]
        },
        "14": {
          "type": "branch",
          "line": 70,
          "loc": {
            "start": { "line": 70, "column": 2 },
            "end": { "line": 76, "column": 3 }
          },
          "locations": [
            {
              "start": { "line": 70, "column": 2 },
              "end": { "line": 76, "column": 3 }
            }
          ]
        }
      },
      "b": {
        "0": [19],
        "1": [18],
        "2": [16],
        "3": [15],
        "4": [4],
        "5": [14],
        "6": [5],
        "7": [9],
        "8": [1],
        "9": [8],
        "10": [7],
        "11": [1],
        "12": [6],
        "13": [5],
        "14": [3]
      },
      "fnMap": {
        "0": {
          "name": "POST",
          "decl": {
            "start": { "line": 5, "column": 0 },
            "end": { "line": 77, "column": 1 }
          },
          "loc": {
            "start": { "line": 5, "column": 0 },
            "end": { "line": 77, "column": 1 }
          },
          "line": 5
        }
      },
      "f": { "0": 19 }
    },
    "/Users/premanandc/Projects/quizzer/src/app/api/quiz/[id]/route.ts": {
      "path": "/Users/premanandc/Projects/quizzer/src/app/api/quiz/[id]/route.ts",
      "all": false,
      "statementMap": {
        "0": {
          "start": { "line": 1, "column": 0 },
          "end": { "line": 1, "column": 55 }
        },
        "1": {
          "start": { "line": 2, "column": 0 },
          "end": { "line": 2, "column": 57 }
        },
        "3": {
          "start": { "line": 4, "column": 0 },
          "end": { "line": 4, "column": 37 }
        },
        "5": {
          "start": { "line": 6, "column": 0 },
          "end": { "line": 6, "column": 26 }
        },
        "6": {
          "start": { "line": 7, "column": 0 },
          "end": { "line": 7, "column": 23 }
        },
        "7": {
          "start": { "line": 8, "column": 0 },
          "end": { "line": 8, "column": 49 }
        },
        "8": {
          "start": { "line": 9, "column": 0 },
          "end": { "line": 9, "column": 3 }
        },
        "9": {
          "start": { "line": 10, "column": 0 },
          "end": { "line": 10, "column": 7 }
        },
        "10": {
          "start": { "line": 11, "column": 0 },
          "end": { "line": 11, "column": 31 }
        },
        "11": {
          "start": { "line": 12, "column": 0 },
          "end": { "line": 12, "column": 46 }
        },
        "13": {
          "start": { "line": 14, "column": 0 },
          "end": { "line": 14, "column": 16 }
        },
        "14": {
          "start": { "line": 15, "column": 0 },
          "end": { "line": 15, "column": 31 }
        },
        "15": {
          "start": { "line": 16, "column": 0 },
          "end": { "line": 16, "column": 36 }
        },
        "16": {
          "start": { "line": 17, "column": 0 },
          "end": { "line": 17, "column": 23 }
        },
        "17": {
          "start": { "line": 18, "column": 0 },
          "end": { "line": 18, "column": 7 }
        },
        "18": {
          "start": { "line": 19, "column": 0 },
          "end": { "line": 19, "column": 5 }
        },
        "20": {
          "start": { "line": 21, "column": 0 },
          "end": { "line": 21, "column": 34 }
        },
        "21": {
          "start": { "line": 22, "column": 0 },
          "end": { "line": 22, "column": 19 }
        },
        "22": {
          "start": { "line": 23, "column": 0 },
          "end": { "line": 23, "column": 48 }
        },
        "23": {
[...]
          "end": { "line": 29, "column": 18 }
        },
        "29": {
          "start": { "line": 30, "column": 0 },
          "end": { "line": 30, "column": 16 }
        },
        "30": {
          "start": { "line": 31, "column": 0 },
          "end": { "line": 31, "column": 22 }
        },
        "31": {
          "start": { "line": 32, "column": 0 },
          "end": { "line": 32, "column": 13 }
        },
        "32": {
          "start": { "line": 33, "column": 0 },
          "end": { "line": 33, "column": 10 }
        },
        "34": {
          "start": { "line": 35, "column": 0 },
          "end": { "line": 35, "column": 1 }
        },
        "36": {
          "start": { "line": 37, "column": 0 },
          "end": { "line": 37, "column": 25 }
        },
        "37": {
          "start": { "line": 38, "column": 0 },
          "end": { "line": 38, "column": 29 }
        },
        "38": {
          "start": { "line": 39, "column": 0 },
          "end": { "line": 39, "column": 49 }
        },
        "39": {
          "start": { "line": 40, "column": 0 },
          "end": { "line": 40, "column": 1 }
        }
      },
      "s": {
        "0": 0,
        "1": 0,
        "2": 0,
        "4": 0,
        "5": 0,
        "6": 0,
        "7": 0,
        "8": 0,
        "9": 0,
        "10": 0,
        "12": 0,
        "13": 0,
        "14": 0,
        "15": 0,
        "17": 0,
        "18": 0,
        "19": 0,
        "20": 0,
        "22": 0,
        "23": 0,
        "24": 0,
        "25": 0,
        "27": 0,
        "28": 0,
        "29": 0,
        "30": 0,
        "31": 0,
        "32": 0,
        "34": 0,
        "36": 0,
        "37": 0,
        "38": 0,
        "39": 0
      },
      "branchMap": {
        "0": {
          "type": "branch",
          "line": 1,
          "loc": {
            "start": { "line": 1, "column": 1283 },
            "end": { "line": 40, "column": 1 }
          },
          "locations": [
            {
              "start": { "line": 1, "column": 1283 },
              "end": { "line": 40, "column": 1 }
            }
          ]
        }
      },
      "b": { "0": [0] },
      "fnMap": {
        "0": {
          "name": "(empty-report)",
          "decl": {
            "start": { "line": 1, "column": 1283 },
            "end": { "line": 40, "column": 1 }
          },
          "loc": {
            "start": { "line": 1, "column": 1283 },
            "end": { "line": 40, "column": 1 }
          },
          "line": 1
        }
      },
      "f": { "0": 0 }
    },
    "/Users/premanandc/Projects/quizzer/src/app/auth/signup/page.tsx": {
      "path": "/Users/premanandc/Projects/quizzer/src/app/auth/signup/page.tsx",
      "all": true,
      "statementMap": {
        "0": {
          "start": { "line": 1, "column": 0 },
          "end": { "line": 1, "column": 79 }
        },
        "1": {
          "start": { "line": 2, "column": 0 },
          "end": { "line": 2, "column": 58 }
        },
        "2": {
          "start": { "line": 3, "column": 0 },
          "end": { "line": 3, "column": 28 }
        },
        "4": {
          "start": { "line": 5, "column": 0 },
          "end": { "line": 5, "column": 38 }
        },
        "5": {
          "start": { "line": 6, "column": 0 },
          "end": { "line": 6, "column": 10 }
        },
        "6": {
          "start": { "line": 7, "column": 0 },
          "end": { "line": 7, "column": 78 }
        },
        "7": {
          "start": { "line": 8, "column": 0 },
          "end": { "line": 8, "column": 40 }
        },
        "8": {
          "start": { "line": 9, "column": 0 },
          "end": { "line": 9, "column": 44 }
        },
        "9": {
          "start": { "line": 10, "column": 0 },
          "end": { "line": 10, "column": 68 }
        },
        "10": {
          "start": { "line": 11, "column": 0 },
          "end": { "line": 11, "column": 39 }
        },
        "12": {
          "start": { "line": 13, "column": 0 },
          "end": { "line": 13, "column": 14 }
        },
        "13": {
          "start": { "line": 14, "column": 0 },
          "end": { "line": 14, "column": 21 }
        },
        "14": {
          "start": { "line": 15, "column": 0 },
          "end": { "line": 15, "column": 43 }
        },
        "15": {
          "start": { "line": 16, "column": 0 },
          "end": { "line": 16, "column": 24 }
        },
        "17": {
          "start": { "line": 18, "column": 0 },
          "end": { "line": 18, "column": 71 }
        },
        "18": {
          "start": { "line": 19, "column": 0 },
          "end": { "line": 19, "column": 17 }
        },
        "19": {
          "start": { "line": 20, "column": 0 },
          "end": { "line": 20, "column": 43 }
        },
        "20": {
          "start": { "line": 21, "column": 0 },
          "end": { "line": 21, "column": 82 }
        },
        "22": {
          "start": { "line": 23, "column": 0 },
          "end": { "line": 23, "column": 21 }
        },
        "23": {
          "start": { "line": 24, "column": 0 },
          "end": { "line": 24, "column": 18 }
        },
        "24": {
          "start": { "line": 25, "column": 0 },
          "end": { "line": 25, "column": 17 }
        },
        "25": {
          "start": { "line": 26, "column": 0 },
          "end": { "line": 26, "column": 61 }
        },
        "27": {
          "start": { "line": 28, "column": 0 },
          "end": { "line": 28, "column": 21 }
        },
        "28": {
          "start": { "line": 29, "column": 0 },
          "end": { "line": 29, "column": 18 }
        },
        "29": {
          "start": { "line": 30, "column": 0 },
          "end": { "line": 30, "column": 16 }
        },
        "30": {
          "start": { "line": 31, "column": 0 },
          "end": { "line": 31, "column": 22 }
        },
        "31": {
          "start": { "line": 32, "column": 0 },
          "end": { "line": 32, "column": 13 }
        },
        "32": {
          "start": { "line": 33, "column": 0 },
          "end": { "line": 33, "column": 10 }
        },
        "34": {
          "start": { "line": 35, "column": 0 },
          "end": { "line": 35, "column": 1 }
        },
        "36": {
          "start": { "line": 37, "column": 0 },
          "end": { "line": 37, "column": 25 }
        },
        "37": {
          "start": { "line": 38, "column": 0 },
          "end": { "line": 38, "column": 29 }
        },
        "38": {
          "start": { "line": 39, "column": 0 },
          "end": { "line": 39, "column": 45 }
        },
        "39": {
          "start": { "line": 40, "column": 0 },
          "end": { "line": 40, "column": 1 }
        }
      },
      "s": {
        "0": 0,
        "1": 0,
        "2": 0,
        "4": 0,
        "5": 0,
        "6": 0,
        "7": 0,
        "8": 0,
        "9": 0,
        "10": 0,
        "12": 0,
        "13": 0,
        "14": 0,
        "15": 0,
        "17": 0,
        "18": 0,
        "19": 0,
        "20": 0,
        "22": 0,
        "23": 0,
        "24": 0,
        "25": 0,
        "27": 0,
        "28": 0,
        "29": 0,
        "30": 0,
        "31": 0,
        "32": 0,
        "34": 0,
        "36": 0,
        "37": 0,
        "38": 0,
        "39": 0
      },
      "branchMap": {
        "0": {
          "type": "branch",
          "line": 1,
          "loc": {
            "start": { "line": 1, "column": 1292 },
            "end": { "line": 40, "column": 1 }
          },
          "locations": [
            {
              "start": { "line": 1, "column": 1292 },
              "end": { "line": 40, "column": 1 }
            }
          ]
        }
      },
      "b": { "0": [0] },
      "fnMap": {
        "0": {
          "name": "(empty-report)",
          "decl": {
            "start": { "line": 1, "column": 1292 },
            "end": { "line": 40, "column": 1 }
          },
          "loc": {
            "start": { "line": 1, "column": 1292 },
            "end": { "line": 40, "column": 1 }
          },
          "line": 1
        }
      },
      "f": { "0": 0 }
    },
    "/Users/premanandc/Projects/quizzer/src/generated/prisma/runtime/library.js": {
      "path": "/Users/premanandc/Projects/quizzer/src/generated/prisma/runtime/library.js",
      "all": true,
      "statementMap": {
        "3": {
          "start": { "line": 4, "column": 0 },
          "end": { "line": 4, "column": 9444 }
        },
        "4": {
          "start": { "line": 5, "column": 0 },
          "end": { "line": 5, "column": 154 }
        },
        "5": {
          "start": { "line": 6, "column": 0 },
          "end": { "line": 6, "column": 9213 }
        },
        "6": {
          "start": { "line": 7, "column": 0 },
          "end": { "line": 7, "column": 8450 }
        },
        "7": {
          "start": { "line": 8, "column": 0 },
          "end": { "line": 8, "column": 3545 }
        },
        "8": {
          "start": { "line": 9, "column": 0 },
          "end": { "line": 9, "column": 9203 }
        },
        "9": {
          "start": { "line": 10, "column": 0 },
          "end": { "line": 10, "column": 4 }
        },
        "11": {
          "start": { "line": 12, "column": 0 },
          "end": { "line": 12, "column": 678 }
        },
        "12": {
          "start": { "line": 13, "column": 0 },
          "end": { "line": 13, "column": 26 }
        },
        "13": {
          "start": { "line": 14, "column": 0 },
          "end": { "line": 14, "column": 315 }
        },
        "14": {
          "start": { "line": 15, "column": 0 },
          "end": { "line": 15, "column": 2001 }
        },
        "15": {
          "start": { "line": 16, "column": 0 },
          "end": { "line": 16, "column": 467 }
        },
        "17": {
          "start": { "line": 18, "column": 0 },
          "end": { "line": 18, "column": 30 }
        },
        "18": {
          "start": { "line": 19, "column": 0 },
          "end": { "line": 19, "column": 3 }
        },
        "20": {
          "start": { "line": 21, "column": 0 },
          "end": { "line": 21, "column": 83 }
        },
        "21": {
          "start": { "line": 22, "column": 0 },
          "end": { "line": 22, "column": 140 }
        },
        "22": {
          "start": { "line": 23, "column": 0 },
          "end": { "line": 23, "column": 53 }
        },
        "23": {
          "start": { "line": 24, "column": 0 },
          "end": { "line": 24, "column": 45246 }
        },
        "24": {
          "start": { "line": 25, "column": 0 },
          "end": { "line": 25, "column": 31 }
        },
        "25": {
          "start": { "line": 26, "column": 0 },
          "end": { "line": 26, "column": 85 }
        },
        "26": {
          "start": { "line": 27, "column": 0 },
          "end": { "line": 27, "column": 39 }
        },
        "27": {
          "start": { "line": 28, "column": 0 },
          "end": { "line": 28, "column": 2005 }
        },
        "28": {
          "start": { "line": 29, "column": 0 },
          "end": { "line": 29, "column": 2473 }
        },
        "29": {
          "start": { "line": 30, "column": 0 },
          "end": { "line": 30, "column": 5375 }
        },
        "30": {
          "start": { "line": 31, "column": 0 },
          "end": { "line": 31, "column": 9310 }
        },
        "31": {
          "start": { "line": 32, "column": 0 },
          "end": { "line": 32, "column": 16591 }
        },
        "32": {
          "start": { "line": 33, "column": 0 },
          "end": { "line": 33, "column": 167 }
        },
        "33": {
          "start": { "line": 34, "column": 0 },
          "end": { "line": 34, "column": 10996 }
        },
        "35": {
          "start": { "line": 36, "column": 0 },
          "end": { "line": 36, "column": 1247 }
        },
        "37": {
          "start": { "line": 38, "column": 0 },
          "end": { "line": 38, "column": 376 }
        },
        "38": {
          "start": { "line": 39, "column": 0 },
          "end": { "line": 39, "column": 41 }
        },
        "39": {
          "start": { "line": 40, "column": 0 },
          "end": { "line": 40, "column": 64 }
        },
        "41": {
          "start": { "line": 42, "column": 0 },
          "end": { "line": 42, "column": 105 }
        },
        "42": {
          "start": { "line": 43, "column": 0 },
          "end": { "line": 43, "column": 8 }
        },
        "44": {
          "start": { "line": 45, "column": 0 },
          "end": { "line": 45, "column": 113 }
        },
        "45": {
          "start": { "line": 46, "column": 0 },
          "end": { "line": 46, "column": 148 }
        },
        "47": {
          "start": { "line": 48, "column": 0 },
          "end": { "line": 48, "column": 173 }
        },
        "49": {
          "start": { "line": 50, "column": 0 },
          "end": { "line": 50, "column": 91 }
        },
        "50": {
          "start": { "line": 51, "column": 0 },
          "end": { "line": 51, "column": 84 }
        },
        "52": {
          "start": { "line": 53, "column": 0 },
          "end": { "line": 53, "column": 47 }
        },
        "54": {
          "start": { "line": 55, "column": 0 },
          "end": { "line": 55, "column": 116 }
        },
        "56": {
          "start": { "line": 57, "column": 0 },
          "end": { "line": 57, "column": 122 }
        },
        "57": {
          "start": { "line": 58, "column": 0 },
          "end": { "line": 58, "column": 8 }
        },
        "59": {
          "start": { "line": 60, "column": 0 },
          "end": { "line": 60, "column": 73 }
        },
        "61": {
          "start": { "line": 62, "column": 0 },
          "end": { "line": 62, "column": 85 }
        },
        "62": {
          "start": { "line": 63, "column": 0 },
          "end": { "line": 63, "column": 99 }
        },
        "64": {
          "start": { "line": 65, "column": 0 },
          "end": { "line": 65, "column": 47 }
        },
        "66": {
          "start": { "line": 67, "column": 0 },
          "end": { "line": 67, "column": 1530 }
        },
        "67": {
          "start": { "line": 68, "column": 0 },
          "end": { "line": 68, "column": 136 }
        },
        "68": {
          "start": { "line": 69, "column": 0 },
          "end": { "line": 69, "column": 340 }
        },
        "70": {
          "start": { "line": 71, "column": 0 },
          "end": { "line": 71, "column": 4 }
        },
        "71": {
          "start": { "line": 72, "column": 0 },
          "end": { "line": 72, "column": 95 }
        },
        "76": {
          "start": { "line": 77, "column": 0 },
          "end": { "line": 77, "column": 52 }
        },
        "77": {
          "start": { "line": 78, "column": 0 },
          "end": { "line": 78, "column": 37 }
        },
        "78": {
          "start": { "line": 79, "column": 0 },
          "end": { "line": 79, "column": 37 }
        },
        "79": {
          "start": { "line": 80, "column": 0 },
          "end": { "line": 80, "column": 37 }
        },
        "80": {
          "start": { "line": 81, "column": 0 },
          "end": { "line": 81, "column": 37 }
        },
        "82": {
          "start": { "line": 83, "column": 0 },
          "end": { "line": 83, "column": 4 }
        },
        "86": {
          "start": { "line": 87, "column": 0 },
          "end": { "line": 87, "column": 4 }
        },
        "101": {
          "start": { "line": 102, "column": 0 },
          "end": { "line": 102, "column": 13 }
        },
        "103": {
          "start": { "line": 104, "column": 0 },
          "end": { "line": 104, "column": 37 }
        },
        "107": {
          "start": { "line": 108, "column": 0 },
          "end": { "line": 108, "column": 7 }
        },
        "112": {
          "start": { "line": 113, "column": 0 },
          "end": { "line": 113, "column": 8651 }
        },
        "113": {
          "start": { "line": 114, "column": 0 },
          "end": { "line": 114, "column": 13612 }
        },
        "114": {
          "start": { "line": 115, "column": 0 },
          "end": { "line": 115, "column": 4464 }
        },
        "115": {
          "start": { "line": 116, "column": 0 },
          "end": { "line": 116, "column": 2768 }
        },
        "116": {
          "start": { "line": 117, "column": 0 },
          "end": { "line": 117, "column": 1631 }
        },
        "123": {
          "start": { "line": 124, "column": 0 },
          "end": { "line": 124, "column": 8892 }
        },
        "124": {
          "start": { "line": 125, "column": 0 },
          "end": { "line": 125, "column": 936 }
        },
        "125": {
          "start": { "line": 126, "column": 0 },
          "end": { "line": 126, "column": 236 }
        },
        "126": {
          "start": { "line": 127, "column": 0 },
          "end": { "line": 127, "column": 186 }
        },
        "127": {
          "start": { "line": 128, "column": 0 },
          "end": { "line": 128, "column": 838 }
        },
        "128": {
          "start": { "line": 129, "column": 0 },
          "end": { "line": 129, "column": 3917 }
        },
        "130": {
          "start": { "line": 131, "column": 0 },
          "end": { "line": 131, "column": 4 }
        },
        "132": {
          "start": { "line": 133, "column": 0 },
          "end": { "line": 133, "column": 10733 }
        },
        "133": {
          "start": { "line": 134, "column": 0 },
          "end": { "line": 134, "column": 1476 }
        },
        "134": {
          "start": { "line": 135, "column": 0 },
          "end": { "line": 135, "column": 32 }
        }
      },
      "s": {
        "3": 0,
        "4": 0,
        "5": 0,
        "6": 0,
        "7": 0,
        "8": 0,
        "9": 0,
        "11": 0,
        "12": 0,
        "13": 0,
        "14": 0,
        "15": 0,
        "17": 0,
        "18": 0,
        "20": 0,
        "21": 0,
        "22": 0,
        "23": 0,
        "24": 0,
        "25": 0,
        "26": 0,
        "27": 0,
        "28": 0,
        "29": 0,
        "30": 0,
        "31": 0,
        "32": 0,
        "33": 0,
        "35": 0,
        "37": 0,
        "38": 0,
        "39": 0,
        "41": 0,
        "42": 0,
        "44": 0,
        "45": 0,
        "47": 0,
        "49": 0,
        "50": 0,
        "52": 0,
        "54": 0,
        "56": 0,
        "57": 0,
        "59": 0,
        "61": 0,
        "62": 0,
        "64": 0,
        "66": 0,
        "67": 0,
        "68": 0,
        "70": 0,
        "71": 0,
        "76": 0,
        "77": 0,
        "78": 0,
        "79": 0,
        "80": 0,
        "82": 0,
        "86": 0,
        "101": 0,
        "103": 0,
        "107": 0,
        "112": 0,
        "113": 0,
        "114": 0,
        "115": 0,
        "116": 0,
        "123": 0,
        "124": 0,
        "125": 0,
        "126": 0,
        "127": 0,
        "128": 0,
        "130": 0,
        "132": 0,
        "133": 0,
        "134": 0
      },
      "branchMap": {
        "0": {
          "type": "branch",
          "line": 1,
          "loc": {
            "start": { "line": 1, "column": 201350 },
            "end": { "line": 146, "column": 35 }
          },
          "locations": [
            {
              "start": { "line": 1, "column": 201350 },
              "end": { "line": 146, "column": 35 }
            }
          ]
        }
      },
      "b": { "0": [1] },
      "fnMap": {
        "0": {
          "name": "(empty-report)",
          "decl": {
            "start": { "line": 1, "column": 201350 },
            "end": { "line": 146, "column": 35 }
          },
          "loc": {
            "start": { "line": 1, "column": 201350 },
            "end": { "line": 146, "column": 35 }
          },
          "line": 1
        }
      },
      "f": { "0": 1 }
    }
  }
}
